2026-03-29 19:22:41.483 xcodebuild[87135:9177750]  DVTFilePathFSEvents: Failed to start fs event stream.
2026-03-29 19:22:41.620 xcodebuild[87135:9177743] [MT] DVTDeveloperPaths: Failed to get length of DARWIN_USER_CACHE_DIR from confstr(3), error = Error Domain=NSPOSIXErrorDomain Code=5 "Input/output error". Using NSCachesDirectory instead.
2026-03-29 19:22:41.897 xcodebuild[87135:9177773] CoreSimulatorService connection became invalid.  Simulator services will no longer be available.
2026-03-29 19:22:41.898 xcodebuild[87135:9177773] Logging connecton invalid: <OS_xpc_error: <dictionary: 0x1fde82bf0> { count = 1, transaction: 0, voucher = 0x0, contents =
	"XPCErrorDescription" => <string: 0x1fde82d38> { length = 18, contents = "Connection invalid" }
}>
2026-03-29 19:22:41.898 xcodebuild[87135:9177773] Error opening log file (/Users/poyrazyalcin/Library/Logs/CoreSimulator/CoreSimulator.com.apple.dt.xcodebuild.log): Operation not permitted
[-[SimServiceContext sendRequest:]:1743] ERROR : Unable to deliver request ({
    "developer_dir" = "/Applications/Xcode.app/Contents/Developer";
    request = "set_developer_dir";
}) because we are not connected to CoreSimulatorService.
Command line invocation:
    /Applications/Xcode.app/Contents/Developer/usr/bin/xcodebuild -project ios-app/StoryComicAIApp.xcodeproj -scheme StoryComicAIApp -destination "generic/platform=iOS Simulator" -derivedDataPath .deriveddata-ios "OTHER_SWIFT_FLAGS=-Xfrontend -disable-macro-expansion" build

Build settings from command line:
    OTHER_SWIFT_FLAGS = -Xfrontend -disable-macro-expansion

2026-03-29 19:22:41.949 xcodebuild[87135:9177743] [MT] DVTAssertions: Warning in DVTFrameworks/DVTFoundation/FileTypes/DVTFileDataTypeDetection.m:79
Details:  detectedTypeIdentifier (com.apple.xml-property-list) does not conform to matchedTypeIdentifier in MagicFileDataTypeDetector extenson com.apple.property-list. When both are specified, this conformance is required unless overridden by setting allowNonInheritance. extension.identifier:Xcode.MagicFileDataTypeDetector.XMLPlist
Object:   <DVTFileDataTypeDetectionMagicCache: 0x1168d08b0>
Method:   -initWithExtension:
Thread:   <_NSMainThread: 0x15560f1c0>{number = 1, name = main}
Please file a bug at https://feedbackassistant.apple.com with this warning message and any useful information you can provide.
2026-03-29 19:22:41.951 xcodebuild[87135:9177743] [MT] DVTAssertions: Warning in DVTFrameworks/DVTFoundation/FileTypes/DVTFileDataTypeDetection.m:79
Details:  detectedTypeIdentifier (com.apple.binary-property-list) does not conform to matchedTypeIdentifier in MagicFileDataTypeDetector extenson com.apple.property-list. When both are specified, this conformance is required unless overridden by setting allowNonInheritance. extension.identifier:Xcode.MagicFileDataTypeDetector.BinaryPlist
Object:   <DVTFileDataTypeDetectionMagicCache: 0x116e36390>
Method:   -initWithExtension:
Thread:   <_NSMainThread: 0x15560f1c0>{number = 1, name = main}
Please file a bug at https://feedbackassistant.apple.com with this warning message and any useful information you can provide.
[-[SimServiceContext initWithDeveloperDir:connectionType:error:]:450] WARN  : Unable to discover any Simulator runtimes. Developer Directory is /Applications/Xcode.app/Contents/Developer.
[-[SimDiskImageManager init]:175] ERROR : Could not kickstart simdiskimaged; SimDiskImageManager services will not be available: Error Domain=NSPOSIXErrorDomain Code=53 "Software caused connection abort" UserInfo={NSLocalizedDescription=Error returned in reply from CoreSimulatorService: Connection invalid}
[-[SimDiskImageManager _onQueue_checkConnection:]:239] ERROR : simdiskimaged returned error (invalid), marking disconnected.
[-[SimServiceContext initWithDeveloperDir:connectionType:error:]_block_invoke:486] ERROR : Could not get list of trusted mount directories: Error Domain=com.apple.CoreSimulator.SimError Code=409 "Cannot talk to the service used to manage runtime disk images (simdiskimaged) because its launchd job is not registered or was unloaded" UserInfo={NSLocalizedDescription=Cannot talk to the service used to manage runtime disk images (simdiskimaged) because its launchd job is not registered or was unloaded}
[-[SimDiskImageManager _onQueue_checkConnection:]:219] ERROR : simdiskimaged connection is currently unavailable because connection became invalid
[-[SimServiceContext sendRequest:reply:error:]:1763] ERROR : Unable to deliver request ({
    request = "notification_subscription";
    "set_path" = "/Users/poyrazyalcin/Library/Developer/CoreSimulator/Devices";
}) because we are not connected to CoreSimulatorService.
2026-03-29 19:22:41.953 xcodebuild[87135:9177751] Error Domain=NSPOSIXErrorDomain Code=61 "Connection refused" UserInfo={NSLocalizedDescription=CoreSimulatorService connection became invalid.  Simulator services will no longer be available.}
2026-03-29 19:22:41.955 xcodebuild[87135:9177751]  iOSSimulator: [SimServiceContext defaultDeviceSetWithError:] returned nil (Error Domain=NSPOSIXErrorDomain Code=61 "Connection refused" UserInfo={NSLocalizedFailureReason=Failed to subscribe to notifications from CoreSimulatorService., NSLocalizedDescription=Failed to initialize simulator device set., NSUnderlyingError=0x15565fbd0 {Error Domain=NSPOSIXErrorDomain Code=61 "Connection refused" UserInfo={NSLocalizedDescription=CoreSimulatorService connection became invalid.  Simulator services will no longer be available.}}}). Simulator device support disabled.
[-[SimServiceContext sendRequest:reply:error:]:1763] ERROR : Unable to deliver request ({
    request = "notification_subscription";
    "set_path" = "/Users/poyrazyalcin/Library/Developer/CoreSimulator/Devices";
}) because we are not connected to CoreSimulatorService.
2026-03-29 19:22:41.955 xcodebuild[87135:9177750] Error Domain=NSPOSIXErrorDomain Code=61 "Connection refused" UserInfo={NSLocalizedDescription=CoreSimulatorService connection became invalid.  Simulator services will no longer be available.}
2026-03-29 19:22:41.955 xcodebuild[87135:9177750]  IDESimulatorAvailability: startObservingSimulatorUpdates() FAILED to register SimDeviceSet observer
2026-03-29 19:22:42.172 xcodebuild[87135:9177751] XPC error for connection com.apple.backupd.sandbox.xpc: Connection invalid
ComputePackagePrebuildTargetDependencyGraph

Prepare packages

CreateBuildRequest

SendProjectDescription

CreateBuildOperation

ComputeTargetDependencyGraph
note: Building targets in dependency order
note: Target dependency graph (1 target)
    Target 'StoryComicAIApp' in project 'StoryComicAIApp' (no dependencies)

GatherProvisioningInputs

CreateBuildDescription

ExecuteExternalTool /Applications/Xcode.app/Contents/Developer/Toolchains/XcodeDefault.xctoolchain/usr/bin/clang -v -E -dM -isysroot /Applications/Xcode.app/Contents/Developer/Platforms/iPhoneSimulator.platform/Developer/SDKs/iPhoneSimulator26.2.sdk -x c -c /dev/null

ExecuteExternalTool /Applications/Xcode.app/Contents/Developer/Toolchains/XcodeDefault.xctoolchain/usr/bin/swiftc --version

ExecuteExternalTool /Applications/Xcode.app/Contents/Developer/Toolchains/XcodeDefault.xctoolchain/usr/bin/ld -version_details

Build description signature: 6b1d9cfa1832274028ec075deff7f24c
Build description path: /Users/poyrazyalcin/Desktop/Corelix App/Corelix/StoryComicAI/.deriveddata-ios/Build/Intermediates.noindex/XCBuildData/6b1d9cfa1832274028ec075deff7f24c.xcbuilddata
ClangStatCache /Applications/Xcode.app/Contents/Developer/Toolchains/XcodeDefault.xctoolchain/usr/bin/clang-stat-cache /Applications/Xcode.app/Contents/Developer/Platforms/iPhoneSimulator.platform/Developer/SDKs/iPhoneSimulator26.2.sdk /Users/poyrazyalcin/Desktop/Corelix\ App/Corelix/StoryComicAI/.deriveddata-ios/SDKStatCaches.noindex/iphonesimulator26.2-23C57-7d00a8b37fbd7999ea79df8ebc024bf0.sdkstatcache
    cd /Users/poyrazyalcin/Desktop/Corelix\ App/Corelix/StoryComicAI/ios-app/StoryComicAIApp.xcodeproj
    /Applications/Xcode.app/Contents/Developer/Toolchains/XcodeDefault.xctoolchain/usr/bin/clang-stat-cache /Applications/Xcode.app/Contents/Developer/Platforms/iPhoneSimulator.platform/Developer/SDKs/iPhoneSimulator26.2.sdk -o /Users/poyrazyalcin/Desktop/Corelix\ App/Corelix/StoryComicAI/.deriveddata-ios/SDKStatCaches.noindex/iphonesimulator26.2-23C57-7d00a8b37fbd7999ea79df8ebc024bf0.sdkstatcache
Failed to create FS event stream. Considering the cache up-to-date.

ProcessInfoPlistFile /Users/poyrazyalcin/Desktop/Corelix\ App/Corelix/StoryComicAI/.deriveddata-ios/Build/Products/Debug-iphonesimulator/StoryComicAIApp.app/Info.plist /Users/poyrazyalcin/Desktop/Corelix\ App/Corelix/StoryComicAI/.deriveddata-ios/Build/Intermediates.noindex/StoryComicAIApp.build/Debug-iphonesimulator/StoryComicAIApp.build/empty-StoryComicAIApp.plist (in target 'StoryComicAIApp' from project 'StoryComicAIApp')
    cd /Users/poyrazyalcin/Desktop/Corelix\ App/Corelix/StoryComicAI/ios-app
    builtin-infoPlistUtility /Users/poyrazyalcin/Desktop/Corelix\ App/Corelix/StoryComicAI/.deriveddata-ios/Build/Intermediates.noindex/StoryComicAIApp.build/Debug-iphonesimulator/StoryComicAIApp.build/empty-StoryComicAIApp.plist -producttype com.apple.product-type.application -genpkginfo /Users/poyrazyalcin/Desktop/Corelix\ App/Corelix/StoryComicAI/.deriveddata-ios/Build/Products/Debug-iphonesimulator/StoryComicAIApp.app/PkgInfo -expandbuildsettings -format binary -platform iphonesimulator -o /Users/poyrazyalcin/Desktop/Corelix\ App/Corelix/StoryComicAI/.deriveddata-ios/Build/Products/Debug-iphonesimulator/StoryComicAIApp.app/Info.plist

SwiftDriver StoryComicAIApp normal x86_64 com.apple.xcode.tools.swift.compiler (in target 'StoryComicAIApp' from project 'StoryComicAIApp')
    cd /Users/poyrazyalcin/Desktop/Corelix\ App/Corelix/StoryComicAI/ios-app
    builtin-SwiftDriver -- /Applications/Xcode.app/Contents/Developer/Toolchains/XcodeDefault.xctoolchain/usr/bin/swiftc -module-name StoryComicAIApp -Onone -enforce-exclusivity\=checked @/Users/poyrazyalcin/Desktop/Corelix\ App/Corelix/StoryComicAI/.deriveddata-ios/Build/Intermediates.noindex/StoryComicAIApp.build/Debug-iphonesimulator/StoryComicAIApp.build/Objects-normal/x86_64/StoryComicAIApp.SwiftFileList -DDEBUG -Xfrontend -disable-macro-expansion -enable-bare-slash-regex -enable-experimental-feature DebugDescriptionMacro -sdk /Applications/Xcode.app/Contents/Developer/Platforms/iPhoneSimulator.platform/Developer/SDKs/iPhoneSimulator26.2.sdk -target x86_64-apple-ios17.0-simulator -g -module-cache-path /Users/poyrazyalcin/Desktop/Corelix\ App/Corelix/StoryComicAI/.deriveddata-ios/ModuleCache.noindex -Xfrontend -serialize-debugging-options -enable-testing -index-store-path /Users/poyrazyalcin/Desktop/Corelix\ App/Corelix/StoryComicAI/.deriveddata-ios/Index.noindex/DataStore -Xcc -D_LIBCPP_HARDENING_MODE\=_LIBCPP_HARDENING_MODE_DEBUG -swift-version 5 -I /Users/poyrazyalcin/Desktop/Corelix\ App/Corelix/StoryComicAI/.deriveddata-ios/Build/Products/Debug-iphonesimulator -F /Users/poyrazyalcin/Desktop/Corelix\ App/Corelix/StoryComicAI/.deriveddata-ios/Build/Products/Debug-iphonesimulator -c -j8 -enable-batch-mode -incremental -Xcc -ivfsstatcache -Xcc /Users/poyrazyalcin/Desktop/Corelix\ App/Corelix/StoryComicAI/.deriveddata-ios/SDKStatCaches.noindex/iphonesimulator26.2-23C57-7d00a8b37fbd7999ea79df8ebc024bf0.sdkstatcache -output-file-map /Users/poyrazyalcin/Desktop/Corelix\ App/Corelix/StoryComicAI/.deriveddata-ios/Build/Intermediates.noindex/StoryComicAIApp.build/Debug-iphonesimulator/StoryComicAIApp.build/Objects-normal/x86_64/StoryComicAIApp-OutputFileMap.json -use-frontend-parseable-output -save-temps -no-color-diagnostics -explicit-module-build -module-cache-path /Users/poyrazyalcin/Desktop/Corelix\ App/Corelix/StoryComicAI/.deriveddata-ios/Build/Intermediates.noindex/SwiftExplicitPrecompiledModules -clang-scanner-module-cache-path /Users/poyrazyalcin/Desktop/Corelix\ App/Corelix/StoryComicAI/.deriveddata-ios/ModuleCache.noindex -sdk-module-cache-path /Users/poyrazyalcin/Desktop/Corelix\ App/Corelix/StoryComicAI/.deriveddata-ios/ModuleCache.noindex -serialize-diagnostics -emit-dependencies -emit-module -emit-module-path /Users/poyrazyalcin/Desktop/Corelix\ App/Corelix/StoryComicAI/.deriveddata-ios/Build/Intermediates.noindex/StoryComicAIApp.build/Debug-iphonesimulator/StoryComicAIApp.build/Objects-normal/x86_64/StoryComicAIApp.swiftmodule -validate-clang-modules-once -clang-build-session-file /Users/poyrazyalcin/Desktop/Corelix\ App/Corelix/StoryComicAI/.deriveddata-ios/ModuleCache.noindex/Session.modulevalidation -Xcc -I/Users/poyrazyalcin/Desktop/Corelix\ App/Corelix/StoryComicAI/.deriveddata-ios/Build/Intermediates.noindex/StoryComicAIApp.build/Debug-iphonesimulator/StoryComicAIApp.build/swift-overrides.hmap -emit-const-values -Xfrontend -const-gather-protocols-file -Xfrontend /Users/poyrazyalcin/Desktop/Corelix\ App/Corelix/StoryComicAI/.deriveddata-ios/Build/Intermediates.noindex/StoryComicAIApp.build/Debug-iphonesimulator/StoryComicAIApp.build/Objects-normal/x86_64/StoryComicAIApp_const_extract_protocols.json -Xcc -iquote -Xcc /Users/poyrazyalcin/Desktop/Corelix\ App/Corelix/StoryComicAI/.deriveddata-ios/Build/Intermediates.noindex/StoryComicAIApp.build/Debug-iphonesimulator/StoryComicAIApp.build/StoryComicAIApp-generated-files.hmap -Xcc -I/Users/poyrazyalcin/Desktop/Corelix\ App/Corelix/StoryComicAI/.deriveddata-ios/Build/Intermediates.noindex/StoryComicAIApp.build/Debug-iphonesimulator/StoryComicAIApp.build/StoryComicAIApp-own-target-headers.hmap -Xcc -I/Users/poyrazyalcin/Desktop/Corelix\ App/Corelix/StoryComicAI/.deriveddata-ios/Build/Intermediates.noindex/StoryComicAIApp.build/Debug-iphonesimulator/StoryComicAIApp.build/StoryComicAIApp-all-target-headers.hmap -Xcc -iquote -Xcc /Users/poyrazyalcin/Desktop/Corelix\ App/Corelix/StoryComicAI/.deriveddata-ios/Build/Intermediates.noindex/StoryComicAIApp.build/Debug-iphonesimulator/StoryComicAIApp.build/StoryComicAIApp-project-headers.hmap -Xcc -I/Users/poyrazyalcin/Desktop/Corelix\ App/Corelix/StoryComicAI/.deriveddata-ios/Build/Products/Debug-iphonesimulator/include -Xcc -I/Users/poyrazyalcin/Desktop/Corelix\ App/Corelix/StoryComicAI/.deriveddata-ios/Build/Intermediates.noindex/StoryComicAIApp.build/Debug-iphonesimulator/StoryComicAIApp.build/DerivedSources-normal/x86_64 -Xcc -I/Users/poyrazyalcin/Desktop/Corelix\ App/Corelix/StoryComicAI/.deriveddata-ios/Build/Intermediates.noindex/StoryComicAIApp.build/Debug-iphonesimulator/StoryComicAIApp.build/DerivedSources/x86_64 -Xcc -I/Users/poyrazyalcin/Desktop/Corelix\ App/Corelix/StoryComicAI/.deriveddata-ios/Build/Intermediates.noindex/StoryComicAIApp.build/Debug-iphonesimulator/StoryComicAIApp.build/DerivedSources -Xcc -DDEBUG\=1 -emit-objc-header -emit-objc-header-path /Users/poyrazyalcin/Desktop/Corelix\ App/Corelix/StoryComicAI/.deriveddata-ios/Build/Intermediates.noindex/StoryComicAIApp.build/Debug-iphonesimulator/StoryComicAIApp.build/Objects-normal/x86_64/StoryComicAIApp-Swift.h -working-directory /Users/poyrazyalcin/Desktop/Corelix\ App/Corelix/StoryComicAI/ios-app -experimental-emit-module-separately -disable-cmo
error: unknown argument: '-disable-macro-expansion'
error: unknown argument: '-disable-macro-expansion'
error: Unknown argument: '-disable-macro-expansion' (in target 'StoryComicAIApp' from project 'StoryComicAIApp')

SwiftDriver StoryComicAIApp normal arm64 com.apple.xcode.tools.swift.compiler (in target 'StoryComicAIApp' from project 'StoryComicAIApp')
    cd /Users/poyrazyalcin/Desktop/Corelix\ App/Corelix/StoryComicAI/ios-app
    builtin-SwiftDriver -- /Applications/Xcode.app/Contents/Developer/Toolchains/XcodeDefault.xctoolchain/usr/bin/swiftc -module-name StoryComicAIApp -Onone -enforce-exclusivity\=checked @/Users/poyrazyalcin/Desktop/Corelix\ App/Corelix/StoryComicAI/.deriveddata-ios/Build/Intermediates.noindex/StoryComicAIApp.build/Debug-iphonesimulator/StoryComicAIApp.build/Objects-normal/arm64/StoryComicAIApp.SwiftFileList -DDEBUG -Xfrontend -disable-macro-expansion -enable-bare-slash-regex -enable-experimental-feature DebugDescriptionMacro -sdk /Applications/Xcode.app/Contents/Developer/Platforms/iPhoneSimulator.platform/Developer/SDKs/iPhoneSimulator26.2.sdk -target arm64-apple-ios17.0-simulator -g -module-cache-path /Users/poyrazyalcin/Desktop/Corelix\ App/Corelix/StoryComicAI/.deriveddata-ios/ModuleCache.noindex -Xfrontend -serialize-debugging-options -enable-testing -index-store-path /Users/poyrazyalcin/Desktop/Corelix\ App/Corelix/StoryComicAI/.deriveddata-ios/Index.noindex/DataStore -Xcc -D_LIBCPP_HARDENING_MODE\=_LIBCPP_HARDENING_MODE_DEBUG -swift-version 5 -I /Users/poyrazyalcin/Desktop/Corelix\ App/Corelix/StoryComicAI/.deriveddata-ios/Build/Products/Debug-iphonesimulator -F /Users/poyrazyalcin/Desktop/Corelix\ App/Corelix/StoryComicAI/.deriveddata-ios/Build/Products/Debug-iphonesimulator -c -j8 -enable-batch-mode -incremental -Xcc -ivfsstatcache -Xcc /Users/poyrazyalcin/Desktop/Corelix\ App/Corelix/StoryComicAI/.deriveddata-ios/SDKStatCaches.noindex/iphonesimulator26.2-23C57-7d00a8b37fbd7999ea79df8ebc024bf0.sdkstatcache -output-file-map /Users/poyrazyalcin/Desktop/Corelix\ App/Corelix/StoryComicAI/.deriveddata-ios/Build/Intermediates.noindex/StoryComicAIApp.build/Debug-iphonesimulator/StoryComicAIApp.build/Objects-normal/arm64/StoryComicAIApp-OutputFileMap.json -use-frontend-parseable-output -save-temps -no-color-diagnostics -explicit-module-build -module-cache-path /Users/poyrazyalcin/Desktop/Corelix\ App/Corelix/StoryComicAI/.deriveddata-ios/Build/Intermediates.noindex/SwiftExplicitPrecompiledModules -clang-scanner-module-cache-path /Users/poyrazyalcin/Desktop/Corelix\ App/Corelix/StoryComicAI/.deriveddata-ios/ModuleCache.noindex -sdk-module-cache-path /Users/poyrazyalcin/Desktop/Corelix\ App/Corelix/StoryComicAI/.deriveddata-ios/ModuleCache.noindex -serialize-diagnostics -emit-dependencies -emit-module -emit-module-path /Users/poyrazyalcin/Desktop/Corelix\ App/Corelix/StoryComicAI/.deriveddata-ios/Build/Intermediates.noindex/StoryComicAIApp.build/Debug-iphonesimulator/StoryComicAIApp.build/Objects-normal/arm64/StoryComicAIApp.swiftmodule -validate-clang-modules-once -clang-build-session-file /Users/poyrazyalcin/Desktop/Corelix\ App/Corelix/StoryComicAI/.deriveddata-ios/ModuleCache.noindex/Session.modulevalidation -Xcc -I/Users/poyrazyalcin/Desktop/Corelix\ App/Corelix/StoryComicAI/.deriveddata-ios/Build/Intermediates.noindex/StoryComicAIApp.build/Debug-iphonesimulator/StoryComicAIApp.build/swift-overrides.hmap -emit-const-values -Xfrontend -const-gather-protocols-file -Xfrontend /Users/poyrazyalcin/Desktop/Corelix\ App/Corelix/StoryComicAI/.deriveddata-ios/Build/Intermediates.noindex/StoryComicAIApp.build/Debug-iphonesimulator/StoryComicAIApp.build/Objects-normal/arm64/StoryComicAIApp_const_extract_protocols.json -Xcc -iquote -Xcc /Users/poyrazyalcin/Desktop/Corelix\ App/Corelix/StoryComicAI/.deriveddata-ios/Build/Intermediates.noindex/StoryComicAIApp.build/Debug-iphonesimulator/StoryComicAIApp.build/StoryComicAIApp-generated-files.hmap -Xcc -I/Users/poyrazyalcin/Desktop/Corelix\ App/Corelix/StoryComicAI/.deriveddata-ios/Build/Intermediates.noindex/StoryComicAIApp.build/Debug-iphonesimulator/StoryComicAIApp.build/StoryComicAIApp-own-target-headers.hmap -Xcc -I/Users/poyrazyalcin/Desktop/Corelix\ App/Corelix/StoryComicAI/.deriveddata-ios/Build/Intermediates.noindex/StoryComicAIApp.build/Debug-iphonesimulator/StoryComicAIApp.build/StoryComicAIApp-all-target-headers.hmap -Xcc -iquote -Xcc /Users/poyrazyalcin/Desktop/Corelix\ App/Corelix/StoryComicAI/.deriveddata-ios/Build/Intermediates.noindex/StoryComicAIApp.build/Debug-iphonesimulator/StoryComicAIApp.build/StoryComicAIApp-project-headers.hmap -Xcc -I/Users/poyrazyalcin/Desktop/Corelix\ App/Corelix/StoryComicAI/.deriveddata-ios/Build/Products/Debug-iphonesimulator/include -Xcc -I/Users/poyrazyalcin/Desktop/Corelix\ App/Corelix/StoryComicAI/.deriveddata-ios/Build/Intermediates.noindex/StoryComicAIApp.build/Debug-iphonesimulator/StoryComicAIApp.build/DerivedSources-normal/arm64 -Xcc -I/Users/poyrazyalcin/Desktop/Corelix\ App/Corelix/StoryComicAI/.deriveddata-ios/Build/Intermediates.noindex/StoryComicAIApp.build/Debug-iphonesimulator/StoryComicAIApp.build/DerivedSources/arm64 -Xcc -I/Users/poyrazyalcin/Desktop/Corelix\ App/Corelix/StoryComicAI/.deriveddata-ios/Build/Intermediates.noindex/StoryComicAIApp.build/Debug-iphonesimulator/StoryComicAIApp.build/DerivedSources -Xcc -DDEBUG\=1 -emit-objc-header -emit-objc-header-path /Users/poyrazyalcin/Desktop/Corelix\ App/Corelix/StoryComicAI/.deriveddata-ios/Build/Intermediates.noindex/StoryComicAIApp.build/Debug-iphonesimulator/StoryComicAIApp.build/Objects-normal/arm64/StoryComicAIApp-Swift.h -working-directory /Users/poyrazyalcin/Desktop/Corelix\ App/Corelix/StoryComicAI/ios-app -experimental-emit-module-separately -disable-cmo
error: Unknown argument: '-disable-macro-expansion' (in target 'StoryComicAIApp' from project 'StoryComicAIApp')

** BUILD FAILED **


The following build commands failed:
	SwiftDriver StoryComicAIApp normal x86_64 com.apple.xcode.tools.swift.compiler (in target 'StoryComicAIApp' from project 'StoryComicAIApp')
	SwiftDriver StoryComicAIApp normal arm64 com.apple.xcode.tools.swift.compiler (in target 'StoryComicAIApp' from project 'StoryComicAIApp')
	Building project StoryComicAIApp with scheme StoryComicAIApp
(3 failures)
